{
	"C:\\dev\\bynder-shopify-integration\\app\\lib\\shopify\\files.ts": {
		"path": "C:\\dev\\bynder-shopify-integration\\app\\lib\\shopify\\files.ts",
		"statementMap": {
			"0": {
				"start": { "line": 10, "column": 1 },
				"end": { "line": 14, "column": null }
			},
			"1": {
				"start": { "line": 27, "column": 2 },
				"end": { "line": 27, "column": null }
			},
			"2": {
				"start": { "line": 27, "column": 21 },
				"end": { "line": 27, "column": 60 }
			},
			"3": {
				"start": { "line": 28, "column": 22 },
				"end": { "line": 28, "column": null }
			},
			"4": {
				"start": { "line": 29, "column": 1 },
				"end": { "line": 29, "column": null }
			},
			"5": {
				"start": { "line": 40, "column": 30 },
				"end": { "line": 40, "column": null }
			},
			"6": {
				"start": { "line": 41, "column": 1 },
				"end": { "line": 43, "column": null }
			},
			"7": {
				"start": { "line": 42, "column": 2 },
				"end": { "line": 42, "column": null }
			},
			"8": {
				"start": { "line": 46, "column": 1 },
				"end": { "line": 53, "column": null }
			},
			"9": {
				"start": { "line": 47, "column": 2 },
				"end": { "line": 47, "column": null }
			},
			"10": {
				"start": { "line": 49, "column": 23 },
				"end": { "line": 49, "column": null }
			},
			"11": {
				"start": { "line": 50, "column": 2 },
				"end": { "line": 52, "column": null }
			},
			"12": {
				"start": { "line": 55, "column": 1 },
				"end": { "line": 71, "column": null }
			},
			"13": {
				"start": { "line": 56, "column": 21 },
				"end": { "line": 56, "column": null }
			},
			"14": {
				"start": { "line": 57, "column": 21 },
				"end": { "line": 57, "column": null }
			},
			"15": {
				"start": { "line": 58, "column": 21 },
				"end": { "line": 58, "column": null }
			},
			"16": {
				"start": { "line": 61, "column": 2 },
				"end": { "line": 68, "column": null }
			},
			"17": {
				"start": { "line": 62, "column": 21 },
				"end": { "line": 62, "column": null }
			},
			"18": {
				"start": { "line": 63, "column": 3 },
				"end": { "line": 65, "column": null }
			},
			"19": {
				"start": { "line": 64, "column": 4 },
				"end": { "line": 64, "column": null }
			},
			"20": {
				"start": { "line": 70, "column": 2 },
				"end": { "line": 70, "column": null }
			},
			"21": {
				"start": { "line": 73, "column": 21 },
				"end": { "line": 73, "column": null }
			},
			"22": {
				"start": { "line": 74, "column": 16 },
				"end": { "line": 74, "column": null }
			},
			"23": {
				"start": { "line": 76, "column": 2 },
				"end": { "line": 76, "column": null }
			},
			"24": {
				"start": { "line": 77, "column": 1 },
				"end": { "line": 77, "column": null }
			},
			"25": {
				"start": { "line": 91, "column": 22 },
				"end": { "line": 91, "column": null }
			},
			"26": {
				"start": { "line": 93, "column": 1 },
				"end": { "line": 95, "column": null }
			},
			"27": {
				"start": { "line": 94, "column": 2 },
				"end": { "line": 94, "column": null }
			},
			"28": {
				"start": { "line": 99, "column": 2 },
				"end": { "line": 112, "column": null }
			},
			"29": {
				"start": { "line": 118, "column": 1 },
				"end": { "line": 124, "column": null }
			},
			"30": {
				"start": { "line": 119, "column": 2 },
				"end": { "line": 119, "column": null }
			},
			"31": {
				"start": { "line": 121, "column": 23 },
				"end": { "line": 121, "column": null }
			},
			"32": {
				"start": { "line": 122, "column": 2 },
				"end": { "line": 122, "column": null }
			},
			"33": {
				"start": { "line": 123, "column": 2 },
				"end": { "line": 123, "column": null }
			},
			"34": {
				"start": { "line": 127, "column": 1 },
				"end": { "line": 134, "column": null }
			},
			"35": {
				"start": { "line": 133, "column": 2 },
				"end": { "line": 133, "column": null }
			},
			"36": {
				"start": { "line": 138, "column": 1 },
				"end": { "line": 143, "column": null }
			},
			"37": {
				"start": { "line": 139, "column": 18 },
				"end": { "line": 141, "column": null }
			},
			"38": {
				"start": { "line": 142, "column": 2 },
				"end": { "line": 142, "column": null }
			},
			"39": {
				"start": { "line": 145, "column": 1 },
				"end": { "line": 149, "column": null }
			},
			"40": {
				"start": { "line": 146, "column": 2 },
				"end": { "line": 148, "column": null }
			},
			"41": {
				"start": { "line": 154, "column": 2 },
				"end": { "line": 156, "column": null }
			},
			"42": {
				"start": { "line": 160, "column": 1 },
				"end": { "line": 167, "column": null }
			},
			"43": {
				"start": { "line": 161, "column": 17 },
				"end": { "line": 161, "column": null }
			},
			"44": {
				"start": { "line": 162, "column": 2 },
				"end": { "line": 162, "column": null }
			},
			"45": {
				"start": { "line": 163, "column": 2 },
				"end": { "line": 163, "column": null }
			},
			"46": {
				"start": { "line": 165, "column": 23 },
				"end": { "line": 165, "column": null }
			},
			"47": {
				"start": { "line": 166, "column": 2 },
				"end": { "line": 166, "column": null }
			},
			"48": {
				"start": { "line": 170, "column": 26 },
				"end": { "line": 170, "column": null }
			},
			"49": {
				"start": { "line": 171, "column": 18 },
				"end": { "line": 171, "column": null }
			},
			"50": {
				"start": { "line": 175, "column": 30 },
				"end": { "line": 177, "column": null }
			},
			"51": {
				"start": { "line": 183, "column": 2 },
				"end": { "line": 188, "column": null }
			},
			"52": {
				"start": { "line": 192, "column": 17 },
				"end": { "line": 192, "column": null }
			},
			"53": {
				"start": { "line": 193, "column": 22 },
				"end": { "line": 193, "column": null }
			},
			"54": {
				"start": { "line": 196, "column": 30 },
				"end": { "line": 226, "column": null }
			},
			"55": {
				"start": { "line": 228, "column": 26 },
				"end": { "line": 228, "column": null }
			},
			"56": {
				"start": { "line": 230, "column": 1 },
				"end": { "line": 234, "column": null }
			},
			"57": {
				"start": { "line": 231, "column": 2 },
				"end": { "line": 233, "column": null }
			},
			"58": {
				"start": { "line": 236, "column": 1 },
				"end": { "line": 240, "column": null }
			},
			"59": {
				"start": { "line": 237, "column": 2 },
				"end": { "line": 239, "column": null }
			},
			"60": {
				"start": { "line": 243, "column": 2 },
				"end": { "line": 243, "column": null }
			},
			"61": {
				"start": { "line": 244, "column": 1 },
				"end": { "line": 248, "column": null }
			},
			"62": {
				"start": { "line": 245, "column": 2 },
				"end": { "line": 247, "column": null }
			},
			"63": {
				"start": { "line": 257, "column": 18 },
				"end": { "line": 257, "column": null }
			},
			"64": {
				"start": { "line": 261, "column": 2 },
				"end": { "line": 262, "column": null }
			},
			"65": {
				"start": { "line": 265, "column": 1 },
				"end": { "line": 267, "column": null }
			},
			"66": {
				"start": { "line": 266, "column": 2 },
				"end": { "line": 266, "column": null }
			},
			"67": {
				"start": { "line": 270, "column": 1 },
				"end": { "line": 294, "column": null }
			},
			"68": {
				"start": { "line": 273, "column": 27 },
				"end": { "line": 273, "column": null }
			},
			"69": {
				"start": { "line": 280, "column": 2 },
				"end": { "line": 283, "column": null }
			},
			"70": {
				"start": { "line": 286, "column": 23 },
				"end": { "line": 292, "column": null }
			},
			"71": {
				"start": { "line": 293, "column": 2 },
				"end": { "line": 293, "column": null }
			},
			"72": {
				"start": { "line": 300, "column": 34 },
				"end": { "line": 300, "column": null }
			},
			"73": {
				"start": { "line": 302, "column": 1 },
				"end": { "line": 333, "column": null }
			},
			"74": {
				"start": { "line": 305, "column": 27 },
				"end": { "line": 305, "column": null }
			},
			"75": {
				"start": { "line": 310, "column": 2 },
				"end": { "line": 312, "column": null }
			},
			"76": {
				"start": { "line": 311, "column": 3 },
				"end": { "line": 311, "column": null }
			},
			"77": {
				"start": { "line": 316, "column": 21 },
				"end": { "line": 316, "column": null }
			},
			"78": {
				"start": { "line": 317, "column": 2 },
				"end": { "line": 329, "column": null }
			},
			"79": {
				"start": { "line": 319, "column": 4 },
				"end": { "line": 321, "column": null }
			},
			"80": {
				"start": { "line": 320, "column": 5 },
				"end": { "line": 320, "column": null }
			},
			"81": {
				"start": { "line": 322, "column": 4 },
				"end": { "line": 324, "column": null }
			},
			"82": {
				"start": { "line": 323, "column": 5 },
				"end": { "line": 323, "column": null }
			},
			"83": {
				"start": { "line": 325, "column": 4 },
				"end": { "line": 327, "column": null }
			},
			"84": {
				"start": { "line": 326, "column": 5 },
				"end": { "line": 326, "column": null }
			},
			"85": {
				"start": { "line": 332, "column": 2 },
				"end": { "line": 332, "column": null }
			},
			"86": {
				"start": { "line": 335, "column": 24 },
				"end": { "line": 341, "column": null }
			},
			"87": {
				"start": { "line": 343, "column": 1 },
				"end": { "line": 369, "column": null }
			},
			"88": {
				"start": { "line": 344, "column": 21 },
				"end": { "line": 344, "column": null }
			},
			"89": {
				"start": { "line": 345, "column": 21 },
				"end": { "line": 345, "column": null }
			},
			"90": {
				"start": { "line": 348, "column": 21 },
				"end": { "line": 348, "column": null }
			},
			"91": {
				"start": { "line": 349, "column": 2 },
				"end": { "line": 356, "column": null }
			},
			"92": {
				"start": { "line": 350, "column": 21 },
				"end": { "line": 350, "column": null }
			},
			"93": {
				"start": { "line": 351, "column": 3 },
				"end": { "line": 353, "column": null }
			},
			"94": {
				"start": { "line": 352, "column": 4 },
				"end": { "line": 352, "column": null }
			},
			"95": {
				"start": { "line": 359, "column": 2 },
				"end": { "line": 361, "column": null }
			},
			"96": {
				"start": { "line": 362, "column": 2 },
				"end": { "line": 364, "column": null }
			},
			"97": {
				"start": { "line": 363, "column": 101 },
				"end": { "line": 363, "column": 107 }
			},
			"98": {
				"start": { "line": 366, "column": 2 },
				"end": { "line": 368, "column": null }
			},
			"99": {
				"start": { "line": 372, "column": 28 },
				"end": { "line": 406, "column": null }
			},
			"100": {
				"start": { "line": 408, "column": 24 },
				"end": { "line": 408, "column": null }
			},
			"101": {
				"start": { "line": 410, "column": 1 },
				"end": { "line": 414, "column": null }
			},
			"102": {
				"start": { "line": 411, "column": 2 },
				"end": { "line": 413, "column": null }
			},
			"103": {
				"start": { "line": 416, "column": 14 },
				"end": { "line": 416, "column": null }
			},
			"104": {
				"start": { "line": 417, "column": 1 },
				"end": { "line": 419, "column": null }
			},
			"105": {
				"start": { "line": 418, "column": 2 },
				"end": { "line": 418, "column": null }
			},
			"106": {
				"start": { "line": 421, "column": 16 },
				"end": { "line": 421, "column": null }
			},
			"107": {
				"start": { "line": 422, "column": 17 },
				"end": { "line": 422, "column": null }
			},
			"108": {
				"start": { "line": 426, "column": 19 },
				"end": { "line": 426, "column": null }
			},
			"109": {
				"start": { "line": 427, "column": 1 },
				"end": { "line": 433, "column": null }
			},
			"110": {
				"start": { "line": 435, "column": 1 },
				"end": { "line": 435, "column": null }
			}
		},
		"fnMap": {
			"0": {
				"name": "sanitizeTag",
				"decl": {
					"start": { "line": 9, "column": 9 },
					"end": { "line": 9, "column": 21 }
				},
				"loc": {
					"start": { "line": 9, "column": 42 },
					"end": { "line": 15, "column": null }
				},
				"line": 9
			},
			"1": {
				"name": "generateFileName",
				"decl": {
					"start": { "line": 20, "column": 9 },
					"end": { "line": 20, "column": null }
				},
				"loc": {
					"start": { "line": 24, "column": 10 },
					"end": { "line": 30, "column": null }
				},
				"line": 24
			},
			"2": {
				"name": "(anonymous_2)",
				"decl": {
					"start": { "line": 27, "column": 12 },
					"end": { "line": 27, "column": 13 }
				},
				"loc": {
					"start": { "line": 27, "column": 21 },
					"end": { "line": 27, "column": 60 }
				},
				"line": 27
			},
			"3": {
				"name": "downloadFile",
				"decl": {
					"start": { "line": 36, "column": 15 },
					"end": { "line": 36, "column": null }
				},
				"loc": {
					"start": { "line": 39, "column": 52 },
					"end": { "line": 78, "column": null }
				},
				"line": 39
			},
			"4": {
				"name": "uploadBynderAsset",
				"decl": {
					"start": { "line": 83, "column": 22 },
					"end": { "line": 83, "column": null }
				},
				"loc": {
					"start": { "line": 89, "column": 48 },
					"end": { "line": 436, "column": null }
				},
				"line": 89
			},
			"5": {
				"name": "(anonymous_5)",
				"decl": {
					"start": { "line": 318, "column": 3 },
					"end": { "line": 318, "column": 9 }
				},
				"loc": {
					"start": { "line": 318, "column": 21 },
					"end": { "line": 328, "column": null }
				},
				"line": 318
			},
			"6": {
				"name": "(anonymous_6)",
				"decl": {
					"start": { "line": 319, "column": 26 },
					"end": { "line": 319, "column": 27 }
				},
				"loc": {
					"start": { "line": 319, "column": 45 },
					"end": { "line": 321, "column": 5 }
				},
				"line": 319
			},
			"7": {
				"name": "(anonymous_7)",
				"decl": {
					"start": { "line": 322, "column": 25 },
					"end": { "line": 322, "column": 31 }
				},
				"loc": {
					"start": { "line": 322, "column": 31 },
					"end": { "line": 324, "column": 5 }
				},
				"line": 322
			},
			"8": {
				"name": "(anonymous_8)",
				"decl": {
					"start": { "line": 325, "column": 27 },
					"end": { "line": 325, "column": 28 }
				},
				"loc": {
					"start": { "line": 325, "column": 36 },
					"end": { "line": 327, "column": 5 }
				},
				"line": 325
			},
			"9": {
				"name": "(anonymous_9)",
				"decl": {
					"start": { "line": 363, "column": 61 },
					"end": { "line": 363, "column": 62 }
				},
				"loc": {
					"start": { "line": 363, "column": 101 },
					"end": { "line": 363, "column": 107 }
				},
				"line": 363
			}
		},
		"branchMap": {
			"0": {
				"loc": {
					"start": { "line": 23, "column": 1 },
					"end": { "line": 23, "column": null }
				},
				"type": "default-arg",
				"locations": [
					{
						"start": { "line": 23, "column": 14 },
						"end": { "line": 23, "column": null }
					}
				],
				"line": 23
			},
			"1": {
				"loc": {
					"start": { "line": 27, "column": 2 },
					"end": { "line": 27, "column": null }
				},
				"type": "binary-expr",
				"locations": [
					{
						"start": { "line": 27, "column": 2 },
						"end": { "line": 27, "column": 65 }
					},
					{
						"start": { "line": 27, "column": 65 },
						"end": { "line": 27, "column": null }
					}
				],
				"line": 27
			},
			"2": {
				"loc": {
					"start": { "line": 27, "column": 21 },
					"end": { "line": 27, "column": 60 }
				},
				"type": "binary-expr",
				"locations": [
					{
						"start": { "line": 27, "column": 21 },
						"end": { "line": 27, "column": 43 }
					},
					{
						"start": { "line": 27, "column": 43 },
						"end": { "line": 27, "column": 60 }
					}
				],
				"line": 27
			},
			"3": {
				"loc": {
					"start": { "line": 41, "column": 1 },
					"end": { "line": 43, "column": null }
				},
				"type": "if",
				"locations": [
					{
						"start": { "line": 41, "column": 1 },
						"end": { "line": 43, "column": null }
					},
					{ "start": {}, "end": {} }
				],
				"line": 41
			},
			"4": {
				"loc": {
					"start": { "line": 49, "column": 23 },
					"end": { "line": 49, "column": null }
				},
				"type": "cond-expr",
				"locations": [
					{
						"start": { "line": 49, "column": 48 },
						"end": { "line": 49, "column": 64 }
					},
					{
						"start": { "line": 49, "column": 64 },
						"end": { "line": 49, "column": null }
					}
				],
				"line": 49
			},
			"5": {
				"loc": {
					"start": { "line": 55, "column": 1 },
					"end": { "line": 71, "column": null }
				},
				"type": "if",
				"locations": [
					{
						"start": { "line": 55, "column": 1 },
						"end": { "line": 71, "column": null }
					},
					{ "start": {}, "end": {} }
				],
				"line": 55
			},
			"6": {
				"loc": {
					"start": { "line": 56, "column": 21 },
					"end": { "line": 56, "column": null }
				},
				"type": "binary-expr",
				"locations": [
					{
						"start": { "line": 56, "column": 21 },
						"end": { "line": 56, "column": 44 }
					},
					{
						"start": { "line": 56, "column": 44 },
						"end": { "line": 56, "column": null }
					}
				],
				"line": 56
			},
			"7": {
				"loc": {
					"start": { "line": 63, "column": 3 },
					"end": { "line": 65, "column": null }
				},
				"type": "if",
				"locations": [
					{
						"start": { "line": 63, "column": 3 },
						"end": { "line": 65, "column": null }
					},
					{ "start": {}, "end": {} }
				],
				"line": 63
			},
			"8": {
				"loc": {
					"start": { "line": 63, "column": 7 },
					"end": { "line": 63, "column": 44 }
				},
				"type": "binary-expr",
				"locations": [
					{
						"start": { "line": 63, "column": 7 },
						"end": { "line": 63, "column": 20 }
					},
					{
						"start": { "line": 63, "column": 20 },
						"end": { "line": 63, "column": 44 }
					}
				],
				"line": 63
			},
			"9": {
				"loc": {
					"start": { "line": 76, "column": 2 },
					"end": { "line": 76, "column": null }
				},
				"type": "binary-expr",
				"locations": [
					{
						"start": { "line": 76, "column": 2 },
						"end": { "line": 76, "column": 42 }
					},
					{
						"start": { "line": 76, "column": 42 },
						"end": { "line": 76, "column": null }
					}
				],
				"line": 76
			},
			"10": {
				"loc": {
					"start": { "line": 88, "column": 1 },
					"end": { "line": 88, "column": null }
				},
				"type": "default-arg",
				"locations": [
					{
						"start": { "line": 88, "column": 32 },
						"end": { "line": 88, "column": null }
					}
				],
				"line": 88
			},
			"11": {
				"loc": {
					"start": { "line": 93, "column": 1 },
					"end": { "line": 95, "column": null }
				},
				"type": "if",
				"locations": [
					{
						"start": { "line": 93, "column": 1 },
						"end": { "line": 95, "column": null }
					},
					{ "start": {}, "end": {} }
				],
				"line": 93
			},
			"12": {
				"loc": {
					"start": { "line": 99, "column": 2 },
					"end": { "line": 112, "column": null }
				},
				"type": "cond-expr",
				"locations": [
					{
						"start": { "line": 100, "column": 6 },
						"end": { "line": 100, "column": null }
					},
					{
						"start": { "line": 101, "column": 5 },
						"end": { "line": 112, "column": null }
					}
				],
				"line": 99
			},
			"13": {
				"loc": {
					"start": { "line": 99, "column": 2 },
					"end": { "line": 99, "column": null }
				},
				"type": "binary-expr",
				"locations": [
					{
						"start": { "line": 99, "column": 2 },
						"end": { "line": 99, "column": 18 }
					},
					{
						"start": { "line": 99, "column": 18 },
						"end": { "line": 99, "column": 54 }
					},
					{
						"start": { "line": 99, "column": 54 },
						"end": { "line": 99, "column": null }
					}
				],
				"line": 99
			},
			"14": {
				"loc": {
					"start": { "line": 121, "column": 23 },
					"end": { "line": 121, "column": null }
				},
				"type": "cond-expr",
				"locations": [
					{
						"start": { "line": 121, "column": 48 },
						"end": { "line": 121, "column": 64 }
					},
					{
						"start": { "line": 121, "column": 64 },
						"end": { "line": 121, "column": null }
					}
				],
				"line": 121
			},
			"15": {
				"loc": {
					"start": { "line": 127, "column": 1 },
					"end": { "line": 134, "column": null }
				},
				"type": "if",
				"locations": [
					{
						"start": { "line": 127, "column": 1 },
						"end": { "line": 134, "column": null }
					},
					{ "start": {}, "end": {} }
				],
				"line": 127
			},
			"16": {
				"loc": {
					"start": { "line": 128, "column": 2 },
					"end": { "line": 131, "column": null }
				},
				"type": "binary-expr",
				"locations": [
					{
						"start": { "line": 128, "column": 2 },
						"end": { "line": 128, "column": null }
					},
					{
						"start": { "line": 129, "column": 2 },
						"end": { "line": 129, "column": null }
					},
					{
						"start": { "line": 130, "column": 2 },
						"end": { "line": 130, "column": null }
					},
					{
						"start": { "line": 131, "column": 2 },
						"end": { "line": 131, "column": null }
					}
				],
				"line": 128
			},
			"17": {
				"loc": {
					"start": { "line": 138, "column": 1 },
					"end": { "line": 143, "column": null }
				},
				"type": "if",
				"locations": [
					{
						"start": { "line": 138, "column": 1 },
						"end": { "line": 143, "column": null }
					},
					{ "start": {}, "end": {} }
				],
				"line": 138
			},
			"18": {
				"loc": {
					"start": { "line": 139, "column": 18 },
					"end": { "line": 141, "column": null }
				},
				"type": "cond-expr",
				"locations": [
					{
						"start": { "line": 140, "column": 5 },
						"end": { "line": 140, "column": null }
					},
					{
						"start": { "line": 141, "column": 5 },
						"end": { "line": 141, "column": null }
					}
				],
				"line": 139
			},
			"19": {
				"loc": {
					"start": { "line": 145, "column": 1 },
					"end": { "line": 149, "column": null }
				},
				"type": "if",
				"locations": [
					{
						"start": { "line": 145, "column": 1 },
						"end": { "line": 149, "column": null }
					},
					{ "start": {}, "end": {} }
				],
				"line": 145
			},
			"20": {
				"loc": {
					"start": { "line": 147, "column": 61 },
					"end": { "line": 147, "column": 108 }
				},
				"type": "binary-expr",
				"locations": [
					{
						"start": { "line": 147, "column": 61 },
						"end": { "line": 147, "column": 81 }
					},
					{
						"start": { "line": 147, "column": 81 },
						"end": { "line": 147, "column": 108 }
					}
				],
				"line": 147
			},
			"21": {
				"loc": {
					"start": { "line": 154, "column": 2 },
					"end": { "line": 156, "column": null }
				},
				"type": "cond-expr",
				"locations": [
					{
						"start": { "line": 155, "column": 5 },
						"end": { "line": 155, "column": null }
					},
					{
						"start": { "line": 156, "column": 5 },
						"end": { "line": 156, "column": null }
					}
				],
				"line": 154
			},
			"22": {
				"loc": {
					"start": { "line": 165, "column": 23 },
					"end": { "line": 165, "column": null }
				},
				"type": "cond-expr",
				"locations": [
					{
						"start": { "line": 165, "column": 48 },
						"end": { "line": 165, "column": 64 }
					},
					{
						"start": { "line": 165, "column": 64 },
						"end": { "line": 165, "column": null }
					}
				],
				"line": 165
			},
			"23": {
				"loc": {
					"start": { "line": 170, "column": 26 },
					"end": { "line": 170, "column": null }
				},
				"type": "binary-expr",
				"locations": [
					{
						"start": { "line": 170, "column": 26 },
						"end": { "line": 170, "column": 44 }
					},
					{
						"start": { "line": 170, "column": 44 },
						"end": { "line": 170, "column": null }
					}
				],
				"line": 170
			},
			"24": {
				"loc": {
					"start": { "line": 171, "column": 53 },
					"end": { "line": 171, "column": 73 }
				},
				"type": "binary-expr",
				"locations": [
					{
						"start": { "line": 171, "column": 53 },
						"end": { "line": 171, "column": 71 }
					},
					{
						"start": { "line": 171, "column": 71 },
						"end": { "line": 171, "column": 73 }
					}
				],
				"line": 171
			},
			"25": {
				"loc": {
					"start": { "line": 175, "column": 30 },
					"end": { "line": 177, "column": null }
				},
				"type": "cond-expr",
				"locations": [
					{
						"start": { "line": 176, "column": 4 },
						"end": { "line": 176, "column": null }
					},
					{
						"start": { "line": 177, "column": 4 },
						"end": { "line": 177, "column": null }
					}
				],
				"line": 175
			},
			"26": {
				"loc": {
					"start": { "line": 176, "column": 4 },
					"end": { "line": 176, "column": null }
				},
				"type": "binary-expr",
				"locations": [
					{
						"start": { "line": 176, "column": 4 },
						"end": { "line": 176, "column": 33 }
					},
					{
						"start": { "line": 176, "column": 33 },
						"end": { "line": 176, "column": null }
					}
				],
				"line": 176
			},
			"27": {
				"loc": {
					"start": { "line": 183, "column": 2 },
					"end": { "line": 188, "column": null }
				},
				"type": "binary-expr",
				"locations": [
					{
						"start": { "line": 183, "column": 2 },
						"end": { "line": 187, "column": null }
					},
					{
						"start": { "line": 188, "column": 2 },
						"end": { "line": 188, "column": null }
					}
				],
				"line": 183
			},
			"28": {
				"loc": {
					"start": { "line": 193, "column": 22 },
					"end": { "line": 193, "column": null }
				},
				"type": "cond-expr",
				"locations": [
					{
						"start": { "line": 193, "column": 32 },
						"end": { "line": 193, "column": 42 }
					},
					{
						"start": { "line": 193, "column": 42 },
						"end": { "line": 193, "column": null }
					}
				],
				"line": 193
			},
			"29": {
				"loc": {
					"start": { "line": 230, "column": 1 },
					"end": { "line": 234, "column": null }
				},
				"type": "if",
				"locations": [
					{
						"start": { "line": 230, "column": 1 },
						"end": { "line": 234, "column": null }
					},
					{ "start": {}, "end": {} }
				],
				"line": 230
			},
			"30": {
				"loc": {
					"start": { "line": 236, "column": 1 },
					"end": { "line": 240, "column": null }
				},
				"type": "if",
				"locations": [
					{
						"start": { "line": 236, "column": 1 },
						"end": { "line": 240, "column": null }
					},
					{ "start": {}, "end": {} }
				],
				"line": 236
			},
			"31": {
				"loc": {
					"start": { "line": 244, "column": 1 },
					"end": { "line": 248, "column": null }
				},
				"type": "if",
				"locations": [
					{
						"start": { "line": 244, "column": 1 },
						"end": { "line": 248, "column": null }
					},
					{ "start": {}, "end": {} }
				],
				"line": 244
			},
			"32": {
				"loc": {
					"start": { "line": 261, "column": 2 },
					"end": { "line": 262, "column": null }
				},
				"type": "binary-expr",
				"locations": [
					{
						"start": { "line": 261, "column": 2 },
						"end": { "line": 261, "column": null }
					},
					{
						"start": { "line": 262, "column": 2 },
						"end": { "line": 262, "column": null }
					}
				],
				"line": 261
			},
			"33": {
				"loc": {
					"start": { "line": 270, "column": 1 },
					"end": { "line": 294, "column": null }
				},
				"type": "if",
				"locations": [
					{
						"start": { "line": 270, "column": 1 },
						"end": { "line": 294, "column": null }
					},
					{
						"start": { "line": 284, "column": 8 },
						"end": { "line": 294, "column": null }
					}
				],
				"line": 270
			},
			"34": {
				"loc": {
					"start": { "line": 302, "column": 1 },
					"end": { "line": 333, "column": null }
				},
				"type": "if",
				"locations": [
					{
						"start": { "line": 302, "column": 1 },
						"end": { "line": 333, "column": null }
					},
					{
						"start": { "line": 330, "column": 8 },
						"end": { "line": 333, "column": null }
					}
				],
				"line": 302
			},
			"35": {
				"loc": {
					"start": { "line": 310, "column": 2 },
					"end": { "line": 312, "column": null }
				},
				"type": "if",
				"locations": [
					{
						"start": { "line": 310, "column": 2 },
						"end": { "line": 312, "column": null }
					},
					{ "start": {}, "end": {} }
				],
				"line": 310
			},
			"36": {
				"loc": {
					"start": { "line": 340, "column": 6 },
					"end": { "line": 340, "column": null }
				},
				"type": "binary-expr",
				"locations": [
					{
						"start": { "line": 340, "column": 6 },
						"end": { "line": 340, "column": 20 }
					},
					{
						"start": { "line": 340, "column": 20 },
						"end": { "line": 340, "column": null }
					}
				],
				"line": 340
			},
			"37": {
				"loc": {
					"start": { "line": 343, "column": 1 },
					"end": { "line": 369, "column": null }
				},
				"type": "if",
				"locations": [
					{
						"start": { "line": 343, "column": 1 },
						"end": { "line": 369, "column": null }
					},
					{ "start": {}, "end": {} }
				],
				"line": 343
			},
			"38": {
				"loc": {
					"start": { "line": 344, "column": 21 },
					"end": { "line": 344, "column": null }
				},
				"type": "binary-expr",
				"locations": [
					{
						"start": { "line": 344, "column": 21 },
						"end": { "line": 344, "column": 50 }
					},
					{
						"start": { "line": 344, "column": 50 },
						"end": { "line": 344, "column": null }
					}
				],
				"line": 344
			},
			"39": {
				"loc": {
					"start": { "line": 351, "column": 3 },
					"end": { "line": 353, "column": null }
				},
				"type": "if",
				"locations": [
					{
						"start": { "line": 351, "column": 3 },
						"end": { "line": 353, "column": null }
					},
					{ "start": {}, "end": {} }
				],
				"line": 351
			},
			"40": {
				"loc": {
					"start": { "line": 351, "column": 7 },
					"end": { "line": 351, "column": 45 }
				},
				"type": "binary-expr",
				"locations": [
					{
						"start": { "line": 351, "column": 7 },
						"end": { "line": 351, "column": 20 }
					},
					{
						"start": { "line": 351, "column": 20 },
						"end": { "line": 351, "column": 45 }
					}
				],
				"line": 351
			},
			"41": {
				"loc": {
					"start": { "line": 401, "column": 11 },
					"end": { "line": 401, "column": null }
				},
				"type": "binary-expr",
				"locations": [
					{
						"start": { "line": 401, "column": 11 },
						"end": { "line": 401, "column": 36 }
					},
					{
						"start": { "line": 401, "column": 36 },
						"end": { "line": 401, "column": null }
					}
				],
				"line": 401
			},
			"42": {
				"loc": {
					"start": { "line": 410, "column": 1 },
					"end": { "line": 414, "column": null }
				},
				"type": "if",
				"locations": [
					{
						"start": { "line": 410, "column": 1 },
						"end": { "line": 414, "column": null }
					},
					{ "start": {}, "end": {} }
				],
				"line": 410
			},
			"43": {
				"loc": {
					"start": { "line": 417, "column": 1 },
					"end": { "line": 419, "column": null }
				},
				"type": "if",
				"locations": [
					{
						"start": { "line": 417, "column": 1 },
						"end": { "line": 419, "column": null }
					},
					{ "start": {}, "end": {} }
				],
				"line": 417
			},
			"44": {
				"loc": {
					"start": { "line": 422, "column": 17 },
					"end": { "line": 422, "column": null }
				},
				"type": "binary-expr",
				"locations": [
					{
						"start": { "line": 422, "column": 17 },
						"end": { "line": 422, "column": 36 }
					},
					{
						"start": { "line": 422, "column": 36 },
						"end": { "line": 422, "column": 48 }
					},
					{
						"start": { "line": 422, "column": 48 },
						"end": { "line": 422, "column": null }
					}
				],
				"line": 422
			},
			"45": {
				"loc": {
					"start": { "line": 430, "column": 8 },
					"end": { "line": 430, "column": null }
				},
				"type": "binary-expr",
				"locations": [
					{
						"start": { "line": 430, "column": 8 },
						"end": { "line": 430, "column": 26 }
					},
					{
						"start": { "line": 430, "column": 26 },
						"end": { "line": 430, "column": null }
					}
				],
				"line": 430
			},
			"46": {
				"loc": {
					"start": { "line": 431, "column": 11 },
					"end": { "line": 431, "column": null }
				},
				"type": "binary-expr",
				"locations": [
					{
						"start": { "line": 431, "column": 11 },
						"end": { "line": 431, "column": 32 }
					},
					{
						"start": { "line": 431, "column": 32 },
						"end": { "line": 431, "column": null }
					}
				],
				"line": 431
			}
		},
		"s": {
			"0": 2,
			"1": 2,
			"2": 1,
			"3": 2,
			"4": 2,
			"5": 2,
			"6": 2,
			"7": 2,
			"8": 2,
			"9": 2,
			"10": 0,
			"11": 0,
			"12": 2,
			"13": 0,
			"14": 0,
			"15": 0,
			"16": 0,
			"17": 0,
			"18": 0,
			"19": 0,
			"20": 0,
			"21": 2,
			"22": 2,
			"23": 2,
			"24": 2,
			"25": 2,
			"26": 2,
			"27": 0,
			"28": 2,
			"29": 2,
			"30": 2,
			"31": 0,
			"32": 0,
			"33": 0,
			"34": 2,
			"35": 0,
			"36": 2,
			"37": 0,
			"38": 0,
			"39": 2,
			"40": 0,
			"41": 2,
			"42": 2,
			"43": 2,
			"44": 2,
			"45": 2,
			"46": 0,
			"47": 0,
			"48": 2,
			"49": 2,
			"50": 2,
			"51": 2,
			"52": 2,
			"53": 2,
			"54": 2,
			"55": 2,
			"56": 2,
			"57": 0,
			"58": 2,
			"59": 0,
			"60": 2,
			"61": 2,
			"62": 0,
			"63": 2,
			"64": 2,
			"65": 2,
			"66": 4,
			"67": 2,
			"68": 0,
			"69": 0,
			"70": 2,
			"71": 2,
			"72": 2,
			"73": 2,
			"74": 0,
			"75": 0,
			"76": 0,
			"77": 0,
			"78": 0,
			"79": 0,
			"80": 0,
			"81": 0,
			"82": 0,
			"83": 0,
			"84": 0,
			"85": 2,
			"86": 2,
			"87": 2,
			"88": 0,
			"89": 0,
			"90": 0,
			"91": 0,
			"92": 0,
			"93": 0,
			"94": 0,
			"95": 0,
			"96": 0,
			"97": 0,
			"98": 0,
			"99": 2,
			"100": 2,
			"101": 2,
			"102": 0,
			"103": 2,
			"104": 2,
			"105": 0,
			"106": 2,
			"107": 2,
			"108": 2,
			"109": 2,
			"110": 2
		},
		"f": {
			"0": 2,
			"1": 2,
			"2": 1,
			"3": 2,
			"4": 2,
			"5": 0,
			"6": 0,
			"7": 0,
			"8": 0,
			"9": 0
		},
		"b": {
			"0": [2],
			"1": [2, 1],
			"2": [1, 1],
			"3": [2, 0],
			"4": [0, 0],
			"5": [0, 2],
			"6": [0, 0],
			"7": [0, 0],
			"8": [0, 0],
			"9": [2, 0],
			"10": [2],
			"11": [0, 2],
			"12": [2, 0],
			"13": [2, 2, 2],
			"14": [0, 0],
			"15": [0, 2],
			"16": [2, 0, 0, 0],
			"17": [0, 2],
			"18": [0, 0],
			"19": [0, 2],
			"20": [0, 0],
			"21": [2, 0],
			"22": [0, 0],
			"23": [2, 0],
			"24": [2, 0],
			"25": [2, 0],
			"26": [2, 0],
			"27": [2, 0],
			"28": [2, 0],
			"29": [0, 2],
			"30": [0, 2],
			"31": [0, 2],
			"32": [2, 2],
			"33": [0, 2],
			"34": [0, 2],
			"35": [0, 0],
			"36": [2, 0],
			"37": [0, 2],
			"38": [0, 0],
			"39": [0, 0],
			"40": [0, 0],
			"41": [2, 2],
			"42": [0, 2],
			"43": [0, 2],
			"44": [2, 0, 0],
			"45": [2, 0],
			"46": [2, 0]
		},
		"meta": {
			"lastBranch": 47,
			"lastFunction": 10,
			"lastStatement": 111,
			"seen": {
				"f:9:9:9:21": 0,
				"s:10:1:14:Infinity": 0,
				"f:20:9:20:Infinity": 1,
				"b:23:14:23:Infinity": 0,
				"s:27:2:27:Infinity": 1,
				"b:27:2:27:65:27:65:27:Infinity": 1,
				"f:27:12:27:13": 2,
				"s:27:21:27:60": 2,
				"b:27:21:27:43:27:43:27:60": 2,
				"s:28:22:28:Infinity": 3,
				"s:29:1:29:Infinity": 4,
				"f:36:15:36:Infinity": 3,
				"s:40:30:40:Infinity": 5,
				"b:41:1:43:Infinity:undefined:undefined:undefined:undefined": 3,
				"s:41:1:43:Infinity": 6,
				"s:42:2:42:Infinity": 7,
				"s:46:1:53:Infinity": 8,
				"s:47:2:47:Infinity": 9,
				"s:49:23:49:Infinity": 10,
				"b:49:48:49:64:49:64:49:Infinity": 4,
				"s:50:2:52:Infinity": 11,
				"b:55:1:71:Infinity:undefined:undefined:undefined:undefined": 5,
				"s:55:1:71:Infinity": 12,
				"s:56:21:56:Infinity": 13,
				"b:56:21:56:44:56:44:56:Infinity": 6,
				"s:57:21:57:Infinity": 14,
				"s:58:21:58:Infinity": 15,
				"s:61:2:68:Infinity": 16,
				"s:62:21:62:Infinity": 17,
				"b:63:3:65:Infinity:undefined:undefined:undefined:undefined": 7,
				"s:63:3:65:Infinity": 18,
				"b:63:7:63:20:63:20:63:44": 8,
				"s:64:4:64:Infinity": 19,
				"s:70:2:70:Infinity": 20,
				"s:73:21:73:Infinity": 21,
				"s:74:16:74:Infinity": 22,
				"s:76:2:76:Infinity": 23,
				"b:76:2:76:42:76:42:76:Infinity": 9,
				"s:77:1:77:Infinity": 24,
				"f:83:22:83:Infinity": 4,
				"b:88:32:88:Infinity": 10,
				"s:91:22:91:Infinity": 25,
				"b:93:1:95:Infinity:undefined:undefined:undefined:undefined": 11,
				"s:93:1:95:Infinity": 26,
				"s:94:2:94:Infinity": 27,
				"s:99:2:112:Infinity": 28,
				"b:100:6:100:Infinity:101:5:112:Infinity": 12,
				"b:99:2:99:18:99:18:99:54:99:54:99:Infinity": 13,
				"s:118:1:124:Infinity": 29,
				"s:119:2:119:Infinity": 30,
				"s:121:23:121:Infinity": 31,
				"b:121:48:121:64:121:64:121:Infinity": 14,
				"s:122:2:122:Infinity": 32,
				"s:123:2:123:Infinity": 33,
				"b:127:1:134:Infinity:undefined:undefined:undefined:undefined": 15,
				"s:127:1:134:Infinity": 34,
				"b:128:2:128:Infinity:129:2:129:Infinity:130:2:130:Infinity:131:2:131:Infinity": 16,
				"s:133:2:133:Infinity": 35,
				"b:138:1:143:Infinity:undefined:undefined:undefined:undefined": 17,
				"s:138:1:143:Infinity": 36,
				"s:139:18:141:Infinity": 37,
				"b:140:5:140:Infinity:141:5:141:Infinity": 18,
				"s:142:2:142:Infinity": 38,
				"b:145:1:149:Infinity:undefined:undefined:undefined:undefined": 19,
				"s:145:1:149:Infinity": 39,
				"s:146:2:148:Infinity": 40,
				"b:147:61:147:81:147:81:147:108": 20,
				"s:154:2:156:Infinity": 41,
				"b:155:5:155:Infinity:156:5:156:Infinity": 21,
				"s:160:1:167:Infinity": 42,
				"s:161:17:161:Infinity": 43,
				"s:162:2:162:Infinity": 44,
				"s:163:2:163:Infinity": 45,
				"s:165:23:165:Infinity": 46,
				"b:165:48:165:64:165:64:165:Infinity": 22,
				"s:166:2:166:Infinity": 47,
				"s:170:26:170:Infinity": 48,
				"b:170:26:170:44:170:44:170:Infinity": 23,
				"s:171:18:171:Infinity": 49,
				"b:171:53:171:71:171:71:171:73": 24,
				"s:175:30:177:Infinity": 50,
				"b:176:4:176:Infinity:177:4:177:Infinity": 25,
				"b:176:4:176:33:176:33:176:Infinity": 26,
				"s:183:2:188:Infinity": 51,
				"b:183:2:187:Infinity:188:2:188:Infinity": 27,
				"s:192:17:192:Infinity": 52,
				"s:193:22:193:Infinity": 53,
				"b:193:32:193:42:193:42:193:Infinity": 28,
				"s:196:30:226:Infinity": 54,
				"s:228:26:228:Infinity": 55,
				"b:230:1:234:Infinity:undefined:undefined:undefined:undefined": 29,
				"s:230:1:234:Infinity": 56,
				"s:231:2:233:Infinity": 57,
				"b:236:1:240:Infinity:undefined:undefined:undefined:undefined": 30,
				"s:236:1:240:Infinity": 58,
				"s:237:2:239:Infinity": 59,
				"s:243:2:243:Infinity": 60,
				"b:244:1:248:Infinity:undefined:undefined:undefined:undefined": 31,
				"s:244:1:248:Infinity": 61,
				"s:245:2:247:Infinity": 62,
				"s:257:18:257:Infinity": 63,
				"s:261:2:262:Infinity": 64,
				"b:261:2:261:Infinity:262:2:262:Infinity": 32,
				"s:265:1:267:Infinity": 65,
				"s:266:2:266:Infinity": 66,
				"b:270:1:294:Infinity:284:8:294:Infinity": 33,
				"s:270:1:294:Infinity": 67,
				"s:273:27:273:Infinity": 68,
				"s:280:2:283:Infinity": 69,
				"s:286:23:292:Infinity": 70,
				"s:293:2:293:Infinity": 71,
				"s:300:34:300:Infinity": 72,
				"b:302:1:333:Infinity:330:8:333:Infinity": 34,
				"s:302:1:333:Infinity": 73,
				"s:305:27:305:Infinity": 74,
				"b:310:2:312:Infinity:undefined:undefined:undefined:undefined": 35,
				"s:310:2:312:Infinity": 75,
				"s:311:3:311:Infinity": 76,
				"s:316:21:316:Infinity": 77,
				"s:317:2:329:Infinity": 78,
				"f:318:3:318:9": 5,
				"s:319:4:321:Infinity": 79,
				"f:319:26:319:27": 6,
				"s:320:5:320:Infinity": 80,
				"s:322:4:324:Infinity": 81,
				"f:322:25:322:31": 7,
				"s:323:5:323:Infinity": 82,
				"s:325:4:327:Infinity": 83,
				"f:325:27:325:28": 8,
				"s:326:5:326:Infinity": 84,
				"s:332:2:332:Infinity": 85,
				"s:335:24:341:Infinity": 86,
				"b:340:6:340:20:340:20:340:Infinity": 36,
				"b:343:1:369:Infinity:undefined:undefined:undefined:undefined": 37,
				"s:343:1:369:Infinity": 87,
				"s:344:21:344:Infinity": 88,
				"b:344:21:344:50:344:50:344:Infinity": 38,
				"s:345:21:345:Infinity": 89,
				"s:348:21:348:Infinity": 90,
				"s:349:2:356:Infinity": 91,
				"s:350:21:350:Infinity": 92,
				"b:351:3:353:Infinity:undefined:undefined:undefined:undefined": 39,
				"s:351:3:353:Infinity": 93,
				"b:351:7:351:20:351:20:351:45": 40,
				"s:352:4:352:Infinity": 94,
				"s:359:2:361:Infinity": 95,
				"s:362:2:364:Infinity": 96,
				"f:363:61:363:62": 9,
				"s:363:101:363:107": 97,
				"s:366:2:368:Infinity": 98,
				"s:372:28:406:Infinity": 99,
				"b:401:11:401:36:401:36:401:Infinity": 41,
				"s:408:24:408:Infinity": 100,
				"b:410:1:414:Infinity:undefined:undefined:undefined:undefined": 42,
				"s:410:1:414:Infinity": 101,
				"s:411:2:413:Infinity": 102,
				"s:416:14:416:Infinity": 103,
				"b:417:1:419:Infinity:undefined:undefined:undefined:undefined": 43,
				"s:417:1:419:Infinity": 104,
				"s:418:2:418:Infinity": 105,
				"s:421:16:421:Infinity": 106,
				"s:422:17:422:Infinity": 107,
				"b:422:17:422:36:422:36:422:48:422:48:422:Infinity": 44,
				"s:426:19:426:Infinity": 108,
				"s:427:1:433:Infinity": 109,
				"b:430:8:430:26:430:26:430:Infinity": 45,
				"b:431:11:431:32:431:32:431:Infinity": 46,
				"s:435:1:435:Infinity": 110
			}
		}
	},
	"C:\\dev\\bynder-shopify-integration\\app\\lib\\shopify\\metafields.ts": {
		"path": "C:\\dev\\bynder-shopify-integration\\app\\lib\\shopify\\metafields.ts",
		"statementMap": {
			"0": {
				"start": { "line": 3, "column": 28 },
				"end": { "line": 3, "column": null }
			},
			"1": {
				"start": { "line": 21, "column": 19 },
				"end": { "line": 57, "column": null }
			},
			"2": {
				"start": { "line": 59, "column": 18 },
				"end": { "line": 80, "column": null }
			},
			"3": {
				"start": { "line": 82, "column": 14 },
				"end": { "line": 82, "column": null }
			},
			"4": {
				"start": { "line": 83, "column": 1 },
				"end": { "line": 87, "column": null }
			},
			"5": {
				"start": { "line": 84, "column": 2 },
				"end": { "line": 86, "column": null }
			},
			"6": {
				"start": { "line": 97, "column": 18 },
				"end": { "line": 117, "column": null }
			},
			"7": {
				"start": { "line": 119, "column": 14 },
				"end": { "line": 119, "column": null }
			},
			"8": {
				"start": { "line": 120, "column": 20 },
				"end": { "line": 120, "column": null }
			},
			"9": {
				"start": { "line": 122, "column": 1 },
				"end": { "line": 124, "column": null }
			},
			"10": {
				"start": { "line": 123, "column": 2 },
				"end": { "line": 123, "column": null }
			},
			"11": {
				"start": { "line": 126, "column": 22 },
				"end": { "line": 135, "column": null }
			},
			"12": {
				"start": { "line": 131, "column": 3 },
				"end": { "line": 131, "column": null }
			},
			"13": {
				"start": { "line": 132, "column": 3 },
				"end": { "line": 132, "column": null }
			},
			"14": {
				"start": { "line": 137, "column": 1 },
				"end": { "line": 143, "column": null }
			}
		},
		"fnMap": {
			"0": {
				"name": "setBynderMetafields",
				"decl": {
					"start": { "line": 16, "column": 22 },
					"end": { "line": 16, "column": null }
				},
				"loc": {
					"start": { "line": 20, "column": 17 },
					"end": { "line": 88, "column": null }
				},
				"line": 20
			},
			"1": {
				"name": "getBynderMetafields",
				"decl": {
					"start": { "line": 93, "column": 22 },
					"end": { "line": 93, "column": null }
				},
				"loc": {
					"start": { "line": 96, "column": 36 },
					"end": { "line": 144, "column": null }
				},
				"line": 96
			},
			"2": {
				"name": "(anonymous_2)",
				"decl": {
					"start": { "line": 127, "column": 2 },
					"end": { "line": 127, "column": null }
				},
				"loc": {
					"start": { "line": 130, "column": 7 },
					"end": { "line": 133, "column": null }
				},
				"line": 130
			}
		},
		"branchMap": {
			"0": {
				"loc": {
					"start": { "line": 83, "column": 1 },
					"end": { "line": 87, "column": null }
				},
				"type": "if",
				"locations": [
					{
						"start": { "line": 83, "column": 1 },
						"end": { "line": 87, "column": null }
					},
					{ "start": {}, "end": {} }
				],
				"line": 83
			},
			"1": {
				"loc": {
					"start": { "line": 120, "column": 20 },
					"end": { "line": 120, "column": null }
				},
				"type": "binary-expr",
				"locations": [
					{
						"start": { "line": 120, "column": 20 },
						"end": { "line": 120, "column": 52 }
					},
					{
						"start": { "line": 120, "column": 52 },
						"end": { "line": 120, "column": null }
					}
				],
				"line": 120
			},
			"2": {
				"loc": {
					"start": { "line": 122, "column": 1 },
					"end": { "line": 124, "column": null }
				},
				"type": "if",
				"locations": [
					{
						"start": { "line": 122, "column": 1 },
						"end": { "line": 124, "column": null }
					},
					{ "start": {}, "end": {} }
				],
				"line": 122
			},
			"3": {
				"loc": {
					"start": { "line": 138, "column": 11 },
					"end": { "line": 138, "column": null }
				},
				"type": "binary-expr",
				"locations": [
					{
						"start": { "line": 138, "column": 11 },
						"end": { "line": 138, "column": 36 }
					},
					{
						"start": { "line": 138, "column": 36 },
						"end": { "line": 138, "column": null }
					}
				],
				"line": 138
			},
			"4": {
				"loc": {
					"start": { "line": 139, "column": 13 },
					"end": { "line": 139, "column": null }
				},
				"type": "binary-expr",
				"locations": [
					{
						"start": { "line": 139, "column": 13 },
						"end": { "line": 139, "column": 39 }
					},
					{
						"start": { "line": 139, "column": 39 },
						"end": { "line": 139, "column": null }
					}
				],
				"line": 139
			},
			"5": {
				"loc": {
					"start": { "line": 140, "column": 8 },
					"end": { "line": 140, "column": null }
				},
				"type": "cond-expr",
				"locations": [
					{
						"start": { "line": 140, "column": 28 },
						"end": { "line": 140, "column": 60 }
					},
					{
						"start": { "line": 140, "column": 60 },
						"end": { "line": 140, "column": null }
					}
				],
				"line": 140
			},
			"6": {
				"loc": {
					"start": { "line": 141, "column": 20 },
					"end": { "line": 141, "column": 49 }
				},
				"type": "binary-expr",
				"locations": [
					{
						"start": { "line": 141, "column": 20 },
						"end": { "line": 141, "column": 44 }
					},
					{
						"start": { "line": 141, "column": 44 },
						"end": { "line": 141, "column": 49 }
					}
				],
				"line": 141
			},
			"7": {
				"loc": {
					"start": { "line": 142, "column": 12 },
					"end": { "line": 142, "column": null }
				},
				"type": "binary-expr",
				"locations": [
					{
						"start": { "line": 142, "column": 12 },
						"end": { "line": 142, "column": 38 }
					},
					{
						"start": { "line": 142, "column": 25 },
						"end": { "line": 142, "column": null }
					}
				],
				"line": 142
			}
		},
		"s": {
			"0": 2,
			"1": 2,
			"2": 2,
			"3": 2,
			"4": 2,
			"5": 1,
			"6": 2,
			"7": 2,
			"8": 2,
			"9": 2,
			"10": 1,
			"11": 1,
			"12": 5,
			"13": 5,
			"14": 1
		},
		"f": { "0": 2, "1": 2, "2": 5 },
		"b": {
			"0": [1, 1],
			"1": [2, 0],
			"2": [1, 1],
			"3": [1, 0],
			"4": [2, 0],
			"5": [1, 0],
			"6": [2, 0],
			"7": [2, 0]
		},
		"meta": {
			"lastBranch": 8,
			"lastFunction": 3,
			"lastStatement": 15,
			"seen": {
				"s:3:28:3:Infinity": 0,
				"f:16:22:16:Infinity": 0,
				"s:21:19:57:Infinity": 1,
				"s:59:18:80:Infinity": 2,
				"s:82:14:82:Infinity": 3,
				"b:83:1:87:Infinity:undefined:undefined:undefined:undefined": 0,
				"s:83:1:87:Infinity": 4,
				"s:84:2:86:Infinity": 5,
				"f:93:22:93:Infinity": 1,
				"s:97:18:117:Infinity": 6,
				"s:119:14:119:Infinity": 7,
				"s:120:20:120:Infinity": 8,
				"b:120:20:120:52:120:52:120:Infinity": 1,
				"b:122:1:124:Infinity:undefined:undefined:undefined:undefined": 2,
				"s:122:1:124:Infinity": 9,
				"s:123:2:123:Infinity": 10,
				"s:126:22:135:Infinity": 11,
				"f:127:2:127:Infinity": 2,
				"s:131:3:131:Infinity": 12,
				"s:132:3:132:Infinity": 13,
				"s:137:1:143:Infinity": 14,
				"b:138:11:138:36:138:36:138:Infinity": 3,
				"b:139:13:139:39:139:39:139:Infinity": 4,
				"b:140:28:140:60:140:60:140:Infinity": 5,
				"b:141:20:141:44:141:44:141:49": 6,
				"b:142:12:142:38:142:25:142:Infinity": 7
			}
		}
	},
	"C:\\dev\\bynder-shopify-integration\\app\\lib\\sync\\auto-sync.ts": {
		"path": "C:\\dev\\bynder-shopify-integration\\app\\lib\\sync\\auto-sync.ts",
		"statementMap": {
			"0": {
				"start": { "line": 23, "column": 41 },
				"end": { "line": 23, "column": null }
			},
			"1": {
				"start": { "line": 26, "column": 14 },
				"end": { "line": 28, "column": null }
			},
			"2": {
				"start": { "line": 30, "column": 1 },
				"end": { "line": 32, "column": null }
			},
			"3": {
				"start": { "line": 31, "column": 2 },
				"end": { "line": 31, "column": null }
			},
			"4": {
				"start": { "line": 35, "column": 18 },
				"end": { "line": 38, "column": null }
			},
			"5": {
				"start": { "line": 37, "column": 24 },
				"end": { "line": 37, "column": 34 }
			},
			"6": {
				"start": { "line": 38, "column": 27 },
				"end": { "line": 38, "column": 41 }
			},
			"7": {
				"start": { "line": 40, "column": 1 },
				"end": { "line": 42, "column": null }
			},
			"8": {
				"start": { "line": 41, "column": 2 },
				"end": { "line": 41, "column": null }
			},
			"9": {
				"start": { "line": 46, "column": 1 },
				"end": { "line": 74, "column": null }
			},
			"10": {
				"start": { "line": 48, "column": 2 },
				"end": { "line": 50, "column": null }
			},
			"11": {
				"start": { "line": 51, "column": 2 },
				"end": { "line": 53, "column": null }
			},
			"12": {
				"start": { "line": 52, "column": 3 },
				"end": { "line": 52, "column": null }
			},
			"13": {
				"start": { "line": 55, "column": 2 },
				"end": { "line": 63, "column": null }
			},
			"14": {
				"start": { "line": 56, "column": 3 },
				"end": { "line": 62, "column": null }
			},
			"15": {
				"start": { "line": 66, "column": 2 },
				"end": { "line": 73, "column": null }
			},
			"16": {
				"start": { "line": 77, "column": 27 },
				"end": { "line": 84, "column": null }
			},
			"17": {
				"start": { "line": 78, "column": 2 },
				"end": { "line": 78, "column": null }
			},
			"18": {
				"start": { "line": 78, "column": 22 },
				"end": { "line": 78, "column": null }
			},
			"19": {
				"start": { "line": 79, "column": 14 },
				"end": { "line": 82, "column": null }
			},
			"20": {
				"start": { "line": 83, "column": 2 },
				"end": { "line": 83, "column": null }
			},
			"21": {
				"start": { "line": 86, "column": 59 },
				"end": { "line": 86, "column": null }
			},
			"22": {
				"start": { "line": 87, "column": 15 },
				"end": { "line": 87, "column": null }
			},
			"23": {
				"start": { "line": 88, "column": 15 },
				"end": { "line": 88, "column": null }
			},
			"24": {
				"start": { "line": 90, "column": 1 },
				"end": { "line": 416, "column": null }
			},
			"25": {
				"start": { "line": 93, "column": 3 },
				"end": { "line": 93, "column": null }
			},
			"26": {
				"start": { "line": 95, "column": 2 },
				"end": { "line": 112, "column": null }
			},
			"27": {
				"start": { "line": 96, "column": 20 },
				"end": { "line": 96, "column": null }
			},
			"28": {
				"start": { "line": 98, "column": 3 },
				"end": { "line": 111, "column": null }
			},
			"29": {
				"start": { "line": 100, "column": 22 },
				"end": { "line": 100, "column": null }
			},
			"30": {
				"start": { "line": 101, "column": 23 },
				"end": { "line": 103, "column": null }
			},
			"31": {
				"start": { "line": 102, "column": 5 },
				"end": { "line": 102, "column": null }
			},
			"32": {
				"start": { "line": 104, "column": 4 },
				"end": { "line": 110, "column": null }
			},
			"33": {
				"start": { "line": 104, "column": 45 },
				"end": { "line": 104, "column": 62 }
			},
			"34": {
				"start": { "line": 105, "column": 5 },
				"end": { "line": 109, "column": null }
			},
			"35": {
				"start": { "line": 115, "column": 2 },
				"end": { "line": 204, "column": null }
			},
			"36": {
				"start": { "line": 117, "column": 3 },
				"end": { "line": 132, "column": null }
			},
			"37": {
				"start": { "line": 118, "column": 4 },
				"end": { "line": 118, "column": null }
			},
			"38": {
				"start": { "line": 119, "column": 4 },
				"end": { "line": 125, "column": null }
			},
			"39": {
				"start": { "line": 126, "column": 4 },
				"end": { "line": 131, "column": null }
			},
			"40": {
				"start": { "line": 134, "column": 3 },
				"end": { "line": 203, "column": null }
			},
			"41": {
				"start": { "line": 136, "column": 21 },
				"end": { "line": 143, "column": null }
			},
			"42": {
				"start": { "line": 147, "column": 5 },
				"end": { "line": 149, "column": null }
			},
			"43": {
				"start": { "line": 151, "column": 4 },
				"end": { "line": 190, "column": null }
			},
			"44": {
				"start": { "line": 153, "column": 24 },
				"end": { "line": 159, "column": null }
			},
			"45": {
				"start": { "line": 162, "column": 5 },
				"end": { "line": 183, "column": null }
			},
			"46": {
				"start": { "line": 185, "column": 5 },
				"end": { "line": 189, "column": null }
			},
			"47": {
				"start": { "line": 186, "column": 6 },
				"end": { "line": 186, "column": null }
			},
			"48": {
				"start": { "line": 188, "column": 6 },
				"end": { "line": 188, "column": null }
			},
			"49": {
				"start": { "line": 193, "column": 5 },
				"end": { "line": 193, "column": null }
			},
			"50": {
				"start": { "line": 194, "column": 4 },
				"end": { "line": 198, "column": null }
			},
			"51": {
				"start": { "line": 199, "column": 4 },
				"end": { "line": 202, "column": null }
			},
			"52": {
				"start": { "line": 207, "column": 2 },
				"end": { "line": 216, "column": null }
			},
			"53": {
				"start": { "line": 208, "column": 3 },
				"end": { "line": 211, "column": null }
			},
			"54": {
				"start": { "line": 213, "column": 3 },
				"end": { "line": 215, "column": null }
			},
			"55": {
				"start": { "line": 219, "column": 2 },
				"end": { "line": 238, "column": null }
			},
			"56": {
				"start": { "line": 220, "column": 3 },
				"end": { "line": 220, "column": null }
			},
			"57": {
				"start": { "line": 221, "column": 3 },
				"end": { "line": 231, "column": null }
			},
			"58": {
				"start": { "line": 232, "column": 3 },
				"end": { "line": 237, "column": null }
			},
			"59": {
				"start": { "line": 243, "column": 2 },
				"end": { "line": 391, "column": null }
			},
			"60": {
				"start": { "line": 244, "column": 3 },
				"end": { "line": 254, "column": null }
			},
			"61": {
				"start": { "line": 257, "column": 3 },
				"end": { "line": 390, "column": null }
			},
			"62": {
				"start": { "line": 261, "column": 4 },
				"end": { "line": 263, "column": null }
			},
			"63": {
				"start": { "line": 264, "column": 4 },
				"end": { "line": 387, "column": null }
			},
			"64": {
				"start": { "line": 266, "column": 19 },
				"end": { "line": 266, "column": null }
			},
			"65": {
				"start": { "line": 268, "column": 6 },
				"end": { "line": 268, "column": null }
			},
			"66": {
				"start": { "line": 269, "column": 21 },
				"end": { "line": 269, "column": null }
			},
			"67": {
				"start": { "line": 272, "column": 23 },
				"end": { "line": 300, "column": null }
			},
			"68": {
				"start": { "line": 273, "column": 6 },
				"end": { "line": 299, "column": null }
			},
			"69": {
				"start": { "line": 274, "column": 7 },
				"end": { "line": 284, "column": null }
			},
			"70": {
				"start": { "line": 276, "column": 8 },
				"end": { "line": 278, "column": null }
			},
			"71": {
				"start": { "line": 281, "column": 8 },
				"end": { "line": 283, "column": null }
			},
			"72": {
				"start": { "line": 285, "column": 7 },
				"end": { "line": 285, "column": null }
			},
			"73": {
				"start": { "line": 288, "column": 7 },
				"end": { "line": 297, "column": null }
			},
			"74": {
				"start": { "line": 295, "column": 8 },
				"end": { "line": 295, "column": null }
			},
			"75": {
				"start": { "line": 296, "column": 8 },
				"end": { "line": 296, "column": null }
			},
			"76": {
				"start": { "line": 298, "column": 7 },
				"end": { "line": 298, "column": null }
			},
			"77": {
				"start": { "line": 302, "column": 5 },
				"end": { "line": 302, "column": null }
			},
			"78": {
				"start": { "line": 303, "column": 5 },
				"end": { "line": 306, "column": null }
			},
			"79": {
				"start": { "line": 307, "column": 5 },
				"end": { "line": 310, "column": null }
			},
			"80": {
				"start": { "line": 311, "column": 5 },
				"end": { "line": 311, "column": null }
			},
			"81": {
				"start": { "line": 315, "column": 5 },
				"end": { "line": 353, "column": null }
			},
			"82": {
				"start": { "line": 317, "column": 6 },
				"end": { "line": 333, "column": null }
			},
			"83": {
				"start": { "line": 336, "column": 6 },
				"end": { "line": 352, "column": null }
			},
			"84": {
				"start": { "line": 356, "column": 5 },
				"end": { "line": 361, "column": null }
			},
			"85": {
				"start": { "line": 364, "column": 39 },
				"end": { "line": 364, "column": null }
			},
			"86": {
				"start": { "line": 365, "column": 5 },
				"end": { "line": 376, "column": null }
			},
			"87": {
				"start": { "line": 367, "column": 27 },
				"end": { "line": 370, "column": null }
			},
			"88": {
				"start": { "line": 369, "column": 21 },
				"end": { "line": 369, "column": 57 }
			},
			"89": {
				"start": { "line": 371, "column": 24 },
				"end": { "line": 371, "column": null }
			},
			"90": {
				"start": { "line": 372, "column": 6 },
				"end": { "line": 375, "column": null }
			},
			"91": {
				"start": { "line": 378, "column": 5 },
				"end": { "line": 386, "column": null }
			},
			"92": {
				"start": { "line": 389, "column": 4 },
				"end": { "line": 389, "column": null }
			},
			"93": {
				"start": { "line": 393, "column": 2 },
				"end": { "line": 398, "column": null }
			},
			"94": {
				"start": { "line": 401, "column": 23 },
				"end": { "line": 401, "column": null }
			},
			"95": {
				"start": { "line": 402, "column": 2 },
				"end": { "line": 406, "column": null }
			},
			"96": {
				"start": { "line": 407, "column": 2 },
				"end": { "line": 414, "column": null }
			},
			"97": {
				"start": { "line": 415, "column": 2 },
				"end": { "line": 415, "column": null }
			}
		},
		"fnMap": {
			"0": {
				"name": "syncBynderAssets",
				"decl": {
					"start": { "line": 17, "column": 22 },
					"end": { "line": 17, "column": 39 }
				},
				"loc": {
					"start": { "line": 22, "column": 3 },
					"end": { "line": 417, "column": null }
				},
				"line": 22
			},
			"1": {
				"name": "(anonymous_1)",
				"decl": {
					"start": { "line": 37, "column": 7 },
					"end": { "line": 37, "column": 8 }
				},
				"loc": {
					"start": { "line": 37, "column": 24 },
					"end": { "line": 37, "column": 34 }
				},
				"line": 37
			},
			"2": {
				"name": "(anonymous_2)",
				"decl": {
					"start": { "line": 38, "column": 10 },
					"end": { "line": 38, "column": 11 }
				},
				"loc": {
					"start": { "line": 38, "column": 27 },
					"end": { "line": 38, "column": 41 }
				},
				"line": 38
			},
			"3": {
				"name": "(anonymous_3)",
				"decl": {
					"start": { "line": 77, "column": 27 },
					"end": { "line": 77, "column": 57 }
				},
				"loc": {
					"start": { "line": 77, "column": 57 },
					"end": { "line": 84, "column": null }
				},
				"line": 77
			},
			"4": {
				"name": "(anonymous_4)",
				"decl": {
					"start": { "line": 101, "column": 38 },
					"end": { "line": 101, "column": 39 }
				},
				"loc": {
					"start": { "line": 102, "column": 5 },
					"end": { "line": 102, "column": null }
				},
				"line": 102
			},
			"5": {
				"name": "(anonymous_5)",
				"decl": {
					"start": { "line": 104, "column": 38 },
					"end": { "line": 104, "column": 39 }
				},
				"loc": {
					"start": { "line": 104, "column": 45 },
					"end": { "line": 104, "column": 62 }
				},
				"line": 104
			},
			"6": {
				"name": "(anonymous_6)",
				"decl": {
					"start": { "line": 272, "column": 23 },
					"end": { "line": 272, "column": 30 }
				},
				"loc": {
					"start": { "line": 272, "column": 72 },
					"end": { "line": 300, "column": null }
				},
				"line": 272
			},
			"7": {
				"name": "(anonymous_7)",
				"decl": {
					"start": { "line": 369, "column": 12 },
					"end": { "line": 369, "column": 13 }
				},
				"loc": {
					"start": { "line": 369, "column": 21 },
					"end": { "line": 369, "column": 57 }
				},
				"line": 369
			}
		},
		"branchMap": {
			"0": {
				"loc": {
					"start": { "line": 30, "column": 1 },
					"end": { "line": 32, "column": null }
				},
				"type": "if",
				"locations": [
					{
						"start": { "line": 30, "column": 1 },
						"end": { "line": 32, "column": null }
					},
					{ "start": {}, "end": {} }
				],
				"line": 30
			},
			"1": {
				"loc": {
					"start": { "line": 40, "column": 1 },
					"end": { "line": 42, "column": null }
				},
				"type": "if",
				"locations": [
					{
						"start": { "line": 40, "column": 1 },
						"end": { "line": 42, "column": null }
					},
					{ "start": {}, "end": {} }
				],
				"line": 40
			},
			"2": {
				"loc": {
					"start": { "line": 46, "column": 1 },
					"end": { "line": 74, "column": null }
				},
				"type": "if",
				"locations": [
					{
						"start": { "line": 46, "column": 1 },
						"end": { "line": 74, "column": null }
					},
					{
						"start": { "line": 64, "column": 8 },
						"end": { "line": 74, "column": null }
					}
				],
				"line": 46
			},
			"3": {
				"loc": {
					"start": { "line": 51, "column": 2 },
					"end": { "line": 53, "column": null }
				},
				"type": "if",
				"locations": [
					{
						"start": { "line": 51, "column": 2 },
						"end": { "line": 53, "column": null }
					},
					{ "start": {}, "end": {} }
				],
				"line": 51
			},
			"4": {
				"loc": {
					"start": { "line": 55, "column": 2 },
					"end": { "line": 63, "column": null }
				},
				"type": "if",
				"locations": [
					{
						"start": { "line": 55, "column": 2 },
						"end": { "line": 63, "column": null }
					},
					{ "start": {}, "end": {} }
				],
				"line": 55
			},
			"5": {
				"loc": {
					"start": { "line": 78, "column": 2 },
					"end": { "line": 78, "column": null }
				},
				"type": "if",
				"locations": [
					{
						"start": { "line": 78, "column": 2 },
						"end": { "line": 78, "column": null }
					},
					{ "start": {}, "end": {} }
				],
				"line": 78
			},
			"6": {
				"loc": {
					"start": { "line": 100, "column": 22 },
					"end": { "line": 100, "column": null }
				},
				"type": "binary-expr",
				"locations": [
					{
						"start": { "line": 100, "column": 22 },
						"end": { "line": 100, "column": 36 }
					},
					{
						"start": { "line": 100, "column": 36 },
						"end": { "line": 100, "column": null }
					}
				],
				"line": 100
			},
			"7": {
				"loc": {
					"start": { "line": 104, "column": 4 },
					"end": { "line": 110, "column": null }
				},
				"type": "if",
				"locations": [
					{
						"start": { "line": 104, "column": 4 },
						"end": { "line": 110, "column": null }
					},
					{ "start": {}, "end": {} }
				],
				"line": 104
			},
			"8": {
				"loc": {
					"start": { "line": 104, "column": 8 },
					"end": { "line": 104, "column": 65 }
				},
				"type": "binary-expr",
				"locations": [
					{
						"start": { "line": 104, "column": 8 },
						"end": { "line": 104, "column": 22 }
					},
					{
						"start": { "line": 104, "column": 22 },
						"end": { "line": 104, "column": 65 }
					}
				],
				"line": 104
			},
			"9": {
				"loc": {
					"start": { "line": 108, "column": 15 },
					"end": { "line": 108, "column": null }
				},
				"type": "binary-expr",
				"locations": [
					{
						"start": { "line": 108, "column": 15 },
						"end": { "line": 108, "column": 32 }
					},
					{
						"start": { "line": 108, "column": 32 },
						"end": { "line": 108, "column": null }
					}
				],
				"line": 108
			},
			"10": {
				"loc": {
					"start": { "line": 117, "column": 3 },
					"end": { "line": 132, "column": null }
				},
				"type": "if",
				"locations": [
					{
						"start": { "line": 117, "column": 3 },
						"end": { "line": 132, "column": null }
					},
					{ "start": {}, "end": {} }
				],
				"line": 117
			},
			"11": {
				"loc": {
					"start": { "line": 147, "column": 5 },
					"end": { "line": 149, "column": null }
				},
				"type": "binary-expr",
				"locations": [
					{
						"start": { "line": 147, "column": 5 },
						"end": { "line": 147, "column": null }
					},
					{
						"start": { "line": 148, "column": 5 },
						"end": { "line": 148, "column": null }
					},
					{
						"start": { "line": 148, "column": 6 },
						"end": { "line": 149, "column": null }
					}
				],
				"line": 147
			},
			"12": {
				"loc": {
					"start": { "line": 149, "column": 6 },
					"end": { "line": 149, "column": 37 }
				},
				"type": "binary-expr",
				"locations": [
					{
						"start": { "line": 149, "column": 6 },
						"end": { "line": 149, "column": 32 }
					},
					{
						"start": { "line": 149, "column": 32 },
						"end": { "line": 149, "column": 37 }
					}
				],
				"line": 149
			},
			"13": {
				"loc": {
					"start": { "line": 151, "column": 4 },
					"end": { "line": 190, "column": null }
				},
				"type": "if",
				"locations": [
					{
						"start": { "line": 151, "column": 4 },
						"end": { "line": 190, "column": null }
					},
					{ "start": {}, "end": {} }
				],
				"line": 151
			},
			"14": {
				"loc": {
					"start": { "line": 185, "column": 5 },
					"end": { "line": 189, "column": null }
				},
				"type": "if",
				"locations": [
					{
						"start": { "line": 185, "column": 5 },
						"end": { "line": 189, "column": null }
					},
					{
						"start": { "line": 187, "column": 12 },
						"end": { "line": 189, "column": null }
					}
				],
				"line": 185
			},
			"15": {
				"loc": {
					"start": { "line": 193, "column": 5 },
					"end": { "line": 193, "column": null }
				},
				"type": "cond-expr",
				"locations": [
					{
						"start": { "line": 193, "column": 30 },
						"end": { "line": 193, "column": 46 }
					},
					{
						"start": { "line": 193, "column": 46 },
						"end": { "line": 193, "column": null }
					}
				],
				"line": 193
			},
			"16": {
				"loc": {
					"start": { "line": 197, "column": 5 },
					"end": { "line": 197, "column": null }
				},
				"type": "cond-expr",
				"locations": [
					{
						"start": { "line": 197, "column": 30 },
						"end": { "line": 197, "column": 44 }
					},
					{
						"start": { "line": 197, "column": 44 },
						"end": { "line": 197, "column": null }
					}
				],
				"line": 197
			},
			"17": {
				"loc": {
					"start": { "line": 207, "column": 2 },
					"end": { "line": 216, "column": null }
				},
				"type": "if",
				"locations": [
					{
						"start": { "line": 207, "column": 2 },
						"end": { "line": 216, "column": null }
					},
					{
						"start": { "line": 212, "column": 9 },
						"end": { "line": 216, "column": null }
					}
				],
				"line": 207
			},
			"18": {
				"loc": {
					"start": { "line": 219, "column": 2 },
					"end": { "line": 238, "column": null }
				},
				"type": "if",
				"locations": [
					{
						"start": { "line": 219, "column": 2 },
						"end": { "line": 238, "column": null }
					},
					{ "start": {}, "end": {} }
				],
				"line": 219
			},
			"19": {
				"loc": {
					"start": { "line": 229, "column": 13 },
					"end": { "line": 229, "column": null }
				},
				"type": "cond-expr",
				"locations": [
					{
						"start": { "line": 229, "column": 33 },
						"end": { "line": 229, "column": 58 }
					},
					{
						"start": { "line": 229, "column": 58 },
						"end": { "line": 229, "column": null }
					}
				],
				"line": 229
			},
			"20": {
				"loc": {
					"start": { "line": 252, "column": 13 },
					"end": { "line": 252, "column": null }
				},
				"type": "cond-expr",
				"locations": [
					{
						"start": { "line": 252, "column": 33 },
						"end": { "line": 252, "column": 58 }
					},
					{
						"start": { "line": 252, "column": 58 },
						"end": { "line": 252, "column": null }
					}
				],
				"line": 252
			},
			"21": {
				"loc": {
					"start": { "line": 257, "column": 3 },
					"end": { "line": 390, "column": null }
				},
				"type": "if",
				"locations": [
					{
						"start": { "line": 257, "column": 3 },
						"end": { "line": 390, "column": null }
					},
					{
						"start": { "line": 388, "column": 10 },
						"end": { "line": 390, "column": null }
					}
				],
				"line": 257
			},
			"22": {
				"loc": {
					"start": { "line": 258, "column": 4 },
					"end": { "line": 259, "column": null }
				},
				"type": "binary-expr",
				"locations": [
					{
						"start": { "line": 258, "column": 4 },
						"end": { "line": 258, "column": null }
					},
					{
						"start": { "line": 259, "column": 4 },
						"end": { "line": 259, "column": null }
					}
				],
				"line": 258
			},
			"23": {
				"loc": {
					"start": { "line": 266, "column": 19 },
					"end": { "line": 266, "column": null }
				},
				"type": "binary-expr",
				"locations": [
					{
						"start": { "line": 266, "column": 19 },
						"end": { "line": 266, "column": 47 }
					},
					{
						"start": { "line": 266, "column": 47 },
						"end": { "line": 266, "column": null }
					}
				],
				"line": 266
			},
			"24": {
				"loc": {
					"start": { "line": 268, "column": 6 },
					"end": { "line": 268, "column": null }
				},
				"type": "binary-expr",
				"locations": [
					{
						"start": { "line": 268, "column": 6 },
						"end": { "line": 268, "column": 36 }
					},
					{
						"start": { "line": 268, "column": 36 },
						"end": { "line": 268, "column": null }
					}
				],
				"line": 268
			},
			"25": {
				"loc": {
					"start": { "line": 269, "column": 21 },
					"end": { "line": 269, "column": null }
				},
				"type": "cond-expr",
				"locations": [
					{
						"start": { "line": 269, "column": 36 },
						"end": { "line": 269, "column": 44 }
					},
					{
						"start": { "line": 269, "column": 44 },
						"end": { "line": 269, "column": null }
					}
				],
				"line": 269
			},
			"26": {
				"loc": {
					"start": { "line": 274, "column": 7 },
					"end": { "line": 284, "column": null }
				},
				"type": "if",
				"locations": [
					{
						"start": { "line": 274, "column": 7 },
						"end": { "line": 284, "column": null }
					},
					{
						"start": { "line": 279, "column": 14 },
						"end": { "line": 284, "column": null }
					}
				],
				"line": 274
			},
			"27": {
				"loc": {
					"start": { "line": 288, "column": 7 },
					"end": { "line": 297, "column": null }
				},
				"type": "if",
				"locations": [
					{
						"start": { "line": 288, "column": 7 },
						"end": { "line": 297, "column": null }
					},
					{ "start": {}, "end": {} }
				],
				"line": 288
			},
			"28": {
				"loc": {
					"start": { "line": 289, "column": 8 },
					"end": { "line": 293, "column": null }
				},
				"type": "binary-expr",
				"locations": [
					{
						"start": { "line": 289, "column": 8 },
						"end": { "line": 289, "column": null }
					},
					{
						"start": { "line": 290, "column": 9 },
						"end": { "line": 290, "column": null }
					},
					{
						"start": { "line": 291, "column": 9 },
						"end": { "line": 291, "column": null }
					},
					{
						"start": { "line": 292, "column": 10 },
						"end": { "line": 292, "column": null }
					},
					{
						"start": { "line": 293, "column": 10 },
						"end": { "line": 293, "column": null }
					}
				],
				"line": 289
			},
			"29": {
				"loc": {
					"start": { "line": 315, "column": 5 },
					"end": { "line": 353, "column": null }
				},
				"type": "if",
				"locations": [
					{
						"start": { "line": 315, "column": 5 },
						"end": { "line": 353, "column": null }
					},
					{
						"start": { "line": 334, "column": 12 },
						"end": { "line": 353, "column": null }
					}
				],
				"line": 315
			},
			"30": {
				"loc": {
					"start": { "line": 331, "column": 7 },
					"end": { "line": 331, "column": null }
				},
				"type": "cond-expr",
				"locations": [
					{
						"start": { "line": 331, "column": 27 },
						"end": { "line": 331, "column": 52 }
					},
					{
						"start": { "line": 331, "column": 52 },
						"end": { "line": 331, "column": null }
					}
				],
				"line": 331
			},
			"31": {
				"loc": {
					"start": { "line": 350, "column": 7 },
					"end": { "line": 350, "column": null }
				},
				"type": "cond-expr",
				"locations": [
					{
						"start": { "line": 350, "column": 27 },
						"end": { "line": 350, "column": 52 }
					},
					{
						"start": { "line": 350, "column": 52 },
						"end": { "line": 350, "column": null }
					}
				],
				"line": 350
			},
			"32": {
				"loc": {
					"start": { "line": 358, "column": 6 },
					"end": { "line": 360, "column": null }
				},
				"type": "cond-expr",
				"locations": [
					{
						"start": { "line": 359, "column": 9 },
						"end": { "line": 359, "column": null }
					},
					{
						"start": { "line": 360, "column": 9 },
						"end": { "line": 360, "column": null }
					}
				],
				"line": 358
			},
			"33": {
				"loc": {
					"start": { "line": 365, "column": 5 },
					"end": { "line": 376, "column": null }
				},
				"type": "if",
				"locations": [
					{
						"start": { "line": 365, "column": 5 },
						"end": { "line": 376, "column": null }
					},
					{ "start": {}, "end": {} }
				],
				"line": 365
			},
			"34": {
				"loc": {
					"start": { "line": 373, "column": 7 },
					"end": { "line": 375, "column": null }
				},
				"type": "cond-expr",
				"locations": [
					{
						"start": { "line": 374, "column": 10 },
						"end": { "line": 374, "column": null }
					},
					{
						"start": { "line": 375, "column": 10 },
						"end": { "line": 375, "column": null }
					}
				],
				"line": 373
			},
			"35": {
				"loc": {
					"start": { "line": 375, "column": 35 },
					"end": { "line": 375, "column": 65 }
				},
				"type": "cond-expr",
				"locations": [
					{
						"start": { "line": 375, "column": 57 },
						"end": { "line": 375, "column": 63 }
					},
					{
						"start": { "line": 375, "column": 63 },
						"end": { "line": 375, "column": 65 }
					}
				],
				"line": 375
			},
			"36": {
				"loc": {
					"start": { "line": 401, "column": 23 },
					"end": { "line": 401, "column": null }
				},
				"type": "cond-expr",
				"locations": [
					{
						"start": { "line": 401, "column": 48 },
						"end": { "line": 401, "column": 64 }
					},
					{
						"start": { "line": 401, "column": 64 },
						"end": { "line": 401, "column": null }
					}
				],
				"line": 401
			},
			"37": {
				"loc": {
					"start": { "line": 405, "column": 3 },
					"end": { "line": 405, "column": null }
				},
				"type": "cond-expr",
				"locations": [
					{
						"start": { "line": 405, "column": 28 },
						"end": { "line": 405, "column": 42 }
					},
					{
						"start": { "line": 405, "column": 42 },
						"end": { "line": 405, "column": null }
					}
				],
				"line": 405
			}
		},
		"s": {
			"0": 5,
			"1": 5,
			"2": 5,
			"3": 0,
			"4": 5,
			"5": 10,
			"6": 10,
			"7": 5,
			"8": 0,
			"9": 5,
			"10": 3,
			"11": 3,
			"12": 0,
			"13": 3,
			"14": 3,
			"15": 2,
			"16": 5,
			"17": 9,
			"18": 5,
			"19": 4,
			"20": 4,
			"21": 5,
			"22": 5,
			"23": 5,
			"24": 5,
			"25": 5,
			"26": 5,
			"27": 10,
			"28": 10,
			"29": 12,
			"30": 12,
			"31": 12,
			"32": 12,
			"33": 10,
			"34": 6,
			"35": 5,
			"36": 5,
			"37": 1,
			"38": 1,
			"39": 1,
			"40": 4,
			"41": 4,
			"42": 4,
			"43": 5,
			"44": 3,
			"45": 3,
			"46": 3,
			"47": 0,
			"48": 3,
			"49": 0,
			"50": 0,
			"51": 0,
			"52": 4,
			"53": 0,
			"54": 4,
			"55": 4,
			"56": 0,
			"57": 0,
			"58": 0,
			"59": 4,
			"60": 4,
			"61": 0,
			"62": 0,
			"63": 0,
			"64": 0,
			"65": 0,
			"66": 0,
			"67": 0,
			"68": 0,
			"69": 0,
			"70": 0,
			"71": 0,
			"72": 0,
			"73": 0,
			"74": 0,
			"75": 0,
			"76": 0,
			"77": 0,
			"78": 0,
			"79": 0,
			"80": 0,
			"81": 0,
			"82": 0,
			"83": 0,
			"84": 0,
			"85": 0,
			"86": 0,
			"87": 0,
			"88": 0,
			"89": 0,
			"90": 0,
			"91": 0,
			"92": 0,
			"93": 4,
			"94": 0,
			"95": 0,
			"96": 0,
			"97": 0
		},
		"f": { "0": 5, "1": 10, "2": 10, "3": 9, "4": 12, "5": 10, "6": 0, "7": 0 },
		"b": {
			"0": [0, 5],
			"1": [0, 5],
			"2": [3, 2],
			"3": [0, 3],
			"4": [3, 0],
			"5": [5, 4],
			"6": [12, 0],
			"7": [6, 6],
			"8": [12, 12],
			"9": [6, 0],
			"10": [1, 4],
			"11": [4, 4, 1],
			"12": [1, 0],
			"13": [3, 2],
			"14": [0, 3],
			"15": [0, 0],
			"16": [0, 0],
			"17": [0, 4],
			"18": [0, 4],
			"19": [0, 0],
			"20": [0, 4],
			"21": [0, 0],
			"22": [0, 0],
			"23": [0, 0],
			"24": [0, 0],
			"25": [0, 0],
			"26": [0, 0],
			"27": [0, 0],
			"28": [0, 0, 0, 0, 0],
			"29": [0, 0],
			"30": [0, 0],
			"31": [0, 0],
			"32": [0, 0],
			"33": [0, 0],
			"34": [0, 0],
			"35": [0, 0],
			"36": [0, 0],
			"37": [0, 0]
		},
		"meta": {
			"lastBranch": 38,
			"lastFunction": 8,
			"lastStatement": 98,
			"seen": {
				"f:17:22:17:39": 0,
				"s:23:41:23:Infinity": 0,
				"s:26:14:28:Infinity": 1,
				"b:30:1:32:Infinity:undefined:undefined:undefined:undefined": 0,
				"s:30:1:32:Infinity": 2,
				"s:31:2:31:Infinity": 3,
				"s:35:18:38:Infinity": 4,
				"f:37:7:37:8": 1,
				"s:37:24:37:34": 5,
				"f:38:10:38:11": 2,
				"s:38:27:38:41": 6,
				"b:40:1:42:Infinity:undefined:undefined:undefined:undefined": 1,
				"s:40:1:42:Infinity": 7,
				"s:41:2:41:Infinity": 8,
				"b:46:1:74:Infinity:64:8:74:Infinity": 2,
				"s:46:1:74:Infinity": 9,
				"s:48:2:50:Infinity": 10,
				"b:51:2:53:Infinity:undefined:undefined:undefined:undefined": 3,
				"s:51:2:53:Infinity": 11,
				"s:52:3:52:Infinity": 12,
				"b:55:2:63:Infinity:undefined:undefined:undefined:undefined": 4,
				"s:55:2:63:Infinity": 13,
				"s:56:3:62:Infinity": 14,
				"s:66:2:73:Infinity": 15,
				"s:77:27:84:Infinity": 16,
				"f:77:27:77:57": 3,
				"b:78:2:78:Infinity:undefined:undefined:undefined:undefined": 5,
				"s:78:2:78:Infinity": 17,
				"s:78:22:78:Infinity": 18,
				"s:79:14:82:Infinity": 19,
				"s:83:2:83:Infinity": 20,
				"s:86:59:86:Infinity": 21,
				"s:87:15:87:Infinity": 22,
				"s:88:15:88:Infinity": 23,
				"s:90:1:416:Infinity": 24,
				"s:93:3:93:Infinity": 25,
				"s:95:2:112:Infinity": 26,
				"s:96:20:96:Infinity": 27,
				"s:98:3:111:Infinity": 28,
				"s:100:22:100:Infinity": 29,
				"b:100:22:100:36:100:36:100:Infinity": 6,
				"s:101:23:103:Infinity": 30,
				"f:101:38:101:39": 4,
				"s:102:5:102:Infinity": 31,
				"b:104:4:110:Infinity:undefined:undefined:undefined:undefined": 7,
				"s:104:4:110:Infinity": 32,
				"b:104:8:104:22:104:22:104:65": 8,
				"f:104:38:104:39": 5,
				"s:104:45:104:62": 33,
				"s:105:5:109:Infinity": 34,
				"b:108:15:108:32:108:32:108:Infinity": 9,
				"s:115:2:204:Infinity": 35,
				"b:117:3:132:Infinity:undefined:undefined:undefined:undefined": 10,
				"s:117:3:132:Infinity": 36,
				"s:118:4:118:Infinity": 37,
				"s:119:4:125:Infinity": 38,
				"s:126:4:131:Infinity": 39,
				"s:134:3:203:Infinity": 40,
				"s:136:21:143:Infinity": 41,
				"s:147:5:149:Infinity": 42,
				"b:147:5:147:Infinity:148:5:148:Infinity:148:6:149:Infinity": 11,
				"b:149:6:149:32:149:32:149:37": 12,
				"b:151:4:190:Infinity:undefined:undefined:undefined:undefined": 13,
				"s:151:4:190:Infinity": 43,
				"s:153:24:159:Infinity": 44,
				"s:162:5:183:Infinity": 45,
				"b:185:5:189:Infinity:187:12:189:Infinity": 14,
				"s:185:5:189:Infinity": 46,
				"s:186:6:186:Infinity": 47,
				"s:188:6:188:Infinity": 48,
				"s:193:5:193:Infinity": 49,
				"b:193:30:193:46:193:46:193:Infinity": 15,
				"s:194:4:198:Infinity": 50,
				"b:197:30:197:44:197:44:197:Infinity": 16,
				"s:199:4:202:Infinity": 51,
				"b:207:2:216:Infinity:212:9:216:Infinity": 17,
				"s:207:2:216:Infinity": 52,
				"s:208:3:211:Infinity": 53,
				"s:213:3:215:Infinity": 54,
				"b:219:2:238:Infinity:undefined:undefined:undefined:undefined": 18,
				"s:219:2:238:Infinity": 55,
				"s:220:3:220:Infinity": 56,
				"s:221:3:231:Infinity": 57,
				"b:229:33:229:58:229:58:229:Infinity": 19,
				"s:232:3:237:Infinity": 58,
				"s:243:2:391:Infinity": 59,
				"s:244:3:254:Infinity": 60,
				"b:252:33:252:58:252:58:252:Infinity": 20,
				"b:257:3:390:Infinity:388:10:390:Infinity": 21,
				"s:257:3:390:Infinity": 61,
				"b:258:4:258:Infinity:259:4:259:Infinity": 22,
				"s:261:4:263:Infinity": 62,
				"s:264:4:387:Infinity": 63,
				"s:266:19:266:Infinity": 64,
				"b:266:19:266:47:266:47:266:Infinity": 23,
				"s:268:6:268:Infinity": 65,
				"b:268:6:268:36:268:36:268:Infinity": 24,
				"s:269:21:269:Infinity": 66,
				"b:269:36:269:44:269:44:269:Infinity": 25,
				"s:272:23:300:Infinity": 67,
				"f:272:23:272:30": 6,
				"s:273:6:299:Infinity": 68,
				"b:274:7:284:Infinity:279:14:284:Infinity": 26,
				"s:274:7:284:Infinity": 69,
				"s:276:8:278:Infinity": 70,
				"s:281:8:283:Infinity": 71,
				"s:285:7:285:Infinity": 72,
				"b:288:7:297:Infinity:undefined:undefined:undefined:undefined": 27,
				"s:288:7:297:Infinity": 73,
				"b:289:8:289:Infinity:290:9:290:Infinity:291:9:291:Infinity:292:10:292:Infinity:293:10:293:Infinity": 28,
				"s:295:8:295:Infinity": 74,
				"s:296:8:296:Infinity": 75,
				"s:298:7:298:Infinity": 76,
				"s:302:5:302:Infinity": 77,
				"s:303:5:306:Infinity": 78,
				"s:307:5:310:Infinity": 79,
				"s:311:5:311:Infinity": 80,
				"b:315:5:353:Infinity:334:12:353:Infinity": 29,
				"s:315:5:353:Infinity": 81,
				"s:317:6:333:Infinity": 82,
				"b:331:27:331:52:331:52:331:Infinity": 30,
				"s:336:6:352:Infinity": 83,
				"b:350:27:350:52:350:52:350:Infinity": 31,
				"s:356:5:361:Infinity": 84,
				"b:359:9:359:Infinity:360:9:360:Infinity": 32,
				"s:364:39:364:Infinity": 85,
				"b:365:5:376:Infinity:undefined:undefined:undefined:undefined": 33,
				"s:365:5:376:Infinity": 86,
				"s:367:27:370:Infinity": 87,
				"f:369:12:369:13": 7,
				"s:369:21:369:57": 88,
				"s:371:24:371:Infinity": 89,
				"s:372:6:375:Infinity": 90,
				"b:374:10:374:Infinity:375:10:375:Infinity": 34,
				"b:375:57:375:63:375:63:375:65": 35,
				"s:378:5:386:Infinity": 91,
				"s:389:4:389:Infinity": 92,
				"s:393:2:398:Infinity": 93,
				"s:401:23:401:Infinity": 94,
				"b:401:48:401:64:401:64:401:Infinity": 36,
				"s:402:2:406:Infinity": 95,
				"b:405:28:405:42:405:42:405:Infinity": 37,
				"s:407:2:414:Infinity": 96,
				"s:415:2:415:Infinity": 97
			}
		}
	}
}
